<?xml version="1.0" encoding="UTF-8"?>
<testng-results skipped="0" failed="0" total="12" passed="12">
  <reporter-output>
  </reporter-output>
  <suite name="SmokeTests" duration-ms="586590" started-at="2016-01-26T18:10:27Z" finished-at="2016-01-26T18:20:13Z">
    <groups>
    </groups>
    <test name="SmokeTests" duration-ms="586590" started-at="2016-01-26T18:10:27Z" finished-at="2016-01-26T18:20:13Z">
      <class name="com.socialcode.webdriver.tests.initiatives.CreateInitiative">
        <test-method status="PASS" signature="setUp()[pri:0, instance:com.socialcode.webdriver.tests.initiatives.CreateInitiative@17579e0f]" name="setUp" is-config="true" duration-ms="1399" started-at="2016-01-26T10:10:27Z" finished-at="2016-01-26T10:10:28Z">
          <reporter-output>
          </reporter-output>
        </test-method> <!-- setUp -->
        <test-method status="PASS" signature="TC1_2_Create_an_Initiative(java.lang.String, java.lang.String, java.lang.String, java.lang.String, java.lang.Integer, java.lang.String, java.lang.String)[pri:0, instance:com.socialcode.webdriver.tests.initiatives.CreateInitiative@17579e0f]" name="TC1_2_Create_an_Initiative" duration-ms="47029" started-at="2016-01-26T10:10:28Z" data-provider="getInitiatives" finished-at="2016-01-26T10:11:15Z">
          <params>
            <param index="0">
              <value>
                <![CDATA[Automation Initiative-1 Day :]]>
              </value>
            </param>
            <param index="1">
              <value>
                <![CDATA[SocialCode]]>
              </value>
            </param>
            <param index="2">
              <value>
                <![CDATA[SocialCode]]>
              </value>
            </param>
            <param index="3">
              <value>
                <![CDATA[current_date]]>
              </value>
            </param>
            <param index="4">
              <value>
                <![CDATA[1]]>
              </value>
            </param>
            <param index="5">
              <value>
                <![CDATA[day]]>
              </value>
            </param>
            <param index="6">
              <value>
                <![CDATA[Facebook,sc13@socialcode.com,Things My Dog Says]]>
              </value>
            </param>
          </params>
          <reporter-output>
          </reporter-output>
        </test-method> <!-- TC1_2_Create_an_Initiative -->
        <test-method status="PASS" signature="tearDown()[pri:0, instance:com.socialcode.webdriver.tests.initiatives.CreateInitiative@17579e0f]" name="tearDown" is-config="true" duration-ms="58" started-at="2016-01-26T10:11:15Z" finished-at="2016-01-26T10:11:15Z">
          <reporter-output>
          </reporter-output>
        </test-method> <!-- tearDown -->
        <test-method status="PASS" signature="setUp()[pri:0, instance:com.socialcode.webdriver.tests.initiatives.CreateInitiative@17579e0f]" name="setUp" is-config="true" duration-ms="468" started-at="2016-01-26T10:11:15Z" finished-at="2016-01-26T10:11:16Z">
          <reporter-output>
          </reporter-output>
        </test-method> <!-- setUp -->
        <test-method status="PASS" signature="TC1_2_Create_an_Initiative(java.lang.String, java.lang.String, java.lang.String, java.lang.String, java.lang.Integer, java.lang.String, java.lang.String)[pri:0, instance:com.socialcode.webdriver.tests.initiatives.CreateInitiative@17579e0f]" name="TC1_2_Create_an_Initiative" duration-ms="45039" started-at="2016-01-26T10:11:16Z" data-provider="getInitiatives" finished-at="2016-01-26T10:12:01Z">
          <params>
            <param index="0">
              <value>
                <![CDATA[Automation Initiative-7 Days :]]>
              </value>
            </param>
            <param index="1">
              <value>
                <![CDATA[SocialCode]]>
              </value>
            </param>
            <param index="2">
              <value>
                <![CDATA[SocialCode]]>
              </value>
            </param>
            <param index="3">
              <value>
                <![CDATA[current_date]]>
              </value>
            </param>
            <param index="4">
              <value>
                <![CDATA[7]]>
              </value>
            </param>
            <param index="5">
              <value>
                <![CDATA[day]]>
              </value>
            </param>
            <param index="6">
              <value>
                <![CDATA[Facebook,sc13@socialcode.com,Things My Dog Says]]>
              </value>
            </param>
          </params>
          <reporter-output>
          </reporter-output>
        </test-method> <!-- TC1_2_Create_an_Initiative -->
        <test-method status="PASS" signature="tearDown()[pri:0, instance:com.socialcode.webdriver.tests.initiatives.CreateInitiative@17579e0f]" name="tearDown" is-config="true" duration-ms="53" started-at="2016-01-26T10:12:01Z" finished-at="2016-01-26T10:12:01Z">
          <reporter-output>
          </reporter-output>
        </test-method> <!-- tearDown -->
        <test-method status="PASS" signature="setUp()[pri:0, instance:com.socialcode.webdriver.tests.initiatives.CreateInitiative@17579e0f]" name="setUp" is-config="true" duration-ms="462" started-at="2016-01-26T10:12:01Z" finished-at="2016-01-26T10:12:01Z">
          <reporter-output>
          </reporter-output>
        </test-method> <!-- setUp -->
        <test-method status="PASS" signature="TC1_2_Create_an_Initiative(java.lang.String, java.lang.String, java.lang.String, java.lang.String, java.lang.Integer, java.lang.String, java.lang.String)[pri:0, instance:com.socialcode.webdriver.tests.initiatives.CreateInitiative@17579e0f]" name="TC1_2_Create_an_Initiative" duration-ms="46228" started-at="2016-01-26T10:12:01Z" data-provider="getInitiatives" finished-at="2016-01-26T10:12:47Z">
          <params>
            <param index="0">
              <value>
                <![CDATA[Automation Initiative-1 Month :]]>
              </value>
            </param>
            <param index="1">
              <value>
                <![CDATA[SocialCode]]>
              </value>
            </param>
            <param index="2">
              <value>
                <![CDATA[SocialCode]]>
              </value>
            </param>
            <param index="3">
              <value>
                <![CDATA[current_date]]>
              </value>
            </param>
            <param index="4">
              <value>
                <![CDATA[1]]>
              </value>
            </param>
            <param index="5">
              <value>
                <![CDATA[month]]>
              </value>
            </param>
            <param index="6">
              <value>
                <![CDATA[Facebook,sc13@socialcode.com,Things My Dog Says]]>
              </value>
            </param>
          </params>
          <reporter-output>
          </reporter-output>
        </test-method> <!-- TC1_2_Create_an_Initiative -->
        <test-method status="PASS" signature="tearDown()[pri:0, instance:com.socialcode.webdriver.tests.initiatives.CreateInitiative@17579e0f]" name="tearDown" is-config="true" duration-ms="52" started-at="2016-01-26T10:12:47Z" finished-at="2016-01-26T10:12:47Z">
          <reporter-output>
          </reporter-output>
        </test-method> <!-- tearDown -->
        <test-method status="PASS" signature="setUp()[pri:0, instance:com.socialcode.webdriver.tests.initiatives.CreateInitiative@17579e0f]" name="setUp" is-config="true" duration-ms="464" started-at="2016-01-26T10:12:47Z" finished-at="2016-01-26T10:12:48Z">
          <reporter-output>
          </reporter-output>
        </test-method> <!-- setUp -->
        <test-method status="PASS" signature="TC1_2_Create_an_Initiative(java.lang.String, java.lang.String, java.lang.String, java.lang.String, java.lang.Integer, java.lang.String, java.lang.String)[pri:0, instance:com.socialcode.webdriver.tests.initiatives.CreateInitiative@17579e0f]" name="TC1_2_Create_an_Initiative" duration-ms="42582" started-at="2016-01-26T10:12:48Z" data-provider="getInitiatives" finished-at="2016-01-26T10:13:30Z">
          <params>
            <param index="0">
              <value>
                <![CDATA[Automation Initiative-6 Months :]]>
              </value>
            </param>
            <param index="1">
              <value>
                <![CDATA[SocialCode]]>
              </value>
            </param>
            <param index="2">
              <value>
                <![CDATA[SocialCode]]>
              </value>
            </param>
            <param index="3">
              <value>
                <![CDATA[current_date]]>
              </value>
            </param>
            <param index="4">
              <value>
                <![CDATA[6]]>
              </value>
            </param>
            <param index="5">
              <value>
                <![CDATA[month]]>
              </value>
            </param>
            <param index="6">
              <value>
                <![CDATA[Facebook,sc13@socialcode.com,Things My Dog Says]]>
              </value>
            </param>
          </params>
          <reporter-output>
          </reporter-output>
        </test-method> <!-- TC1_2_Create_an_Initiative -->
        <test-method status="PASS" signature="tearDown()[pri:0, instance:com.socialcode.webdriver.tests.initiatives.CreateInitiative@17579e0f]" name="tearDown" is-config="true" duration-ms="54" started-at="2016-01-26T10:13:30Z" finished-at="2016-01-26T10:13:30Z">
          <reporter-output>
          </reporter-output>
        </test-method> <!-- tearDown -->
        <test-method status="PASS" signature="setUp()[pri:0, instance:com.socialcode.webdriver.tests.initiatives.CreateInitiative@17579e0f]" name="setUp" is-config="true" duration-ms="470" started-at="2016-01-26T10:13:30Z" finished-at="2016-01-26T10:13:31Z">
          <reporter-output>
          </reporter-output>
        </test-method> <!-- setUp -->
        <test-method status="PASS" signature="TC1_2_Create_an_Initiative(java.lang.String, java.lang.String, java.lang.String, java.lang.String, java.lang.Integer, java.lang.String, java.lang.String)[pri:0, instance:com.socialcode.webdriver.tests.initiatives.CreateInitiative@17579e0f]" name="TC1_2_Create_an_Initiative" duration-ms="42514" started-at="2016-01-26T10:13:31Z" data-provider="getInitiatives" finished-at="2016-01-26T10:14:13Z">
          <params>
            <param index="0">
              <value>
                <![CDATA[Automation Initiative-1 Year :]]>
              </value>
            </param>
            <param index="1">
              <value>
                <![CDATA[SocialCode]]>
              </value>
            </param>
            <param index="2">
              <value>
                <![CDATA[SocialCode]]>
              </value>
            </param>
            <param index="3">
              <value>
                <![CDATA[current_date]]>
              </value>
            </param>
            <param index="4">
              <value>
                <![CDATA[1]]>
              </value>
            </param>
            <param index="5">
              <value>
                <![CDATA[year]]>
              </value>
            </param>
            <param index="6">
              <value>
                <![CDATA[Facebook,sc13@socialcode.com,Things My Dog Says]]>
              </value>
            </param>
          </params>
          <reporter-output>
          </reporter-output>
        </test-method> <!-- TC1_2_Create_an_Initiative -->
        <test-method status="PASS" signature="tearDown()[pri:0, instance:com.socialcode.webdriver.tests.initiatives.CreateInitiative@17579e0f]" name="tearDown" is-config="true" duration-ms="56" started-at="2016-01-26T10:14:13Z" finished-at="2016-01-26T10:14:14Z">
          <reporter-output>
          </reporter-output>
        </test-method> <!-- tearDown -->
      </class> <!-- com.socialcode.webdriver.tests.initiatives.CreateInitiative -->
      <class name="com.socialcode.webdriver.tests.campaigns.DeleteCampaign">
        <test-method status="PASS" signature="setUp()[pri:0, instance:com.socialcode.webdriver.tests.campaigns.DeleteCampaign@4d41cee]" name="setUp" is-config="true" duration-ms="464" started-at="2016-01-26T10:17:58Z" finished-at="2016-01-26T10:17:58Z">
          <reporter-output>
          </reporter-output>
        </test-method> <!-- setUp -->
        <test-method status="PASS" signature="createCampaignForDeletion(java.lang.String, java.lang.Integer, java.lang.String, java.lang.String, java.lang.String, java.lang.Double, java.lang.Double, java.lang.String, java.lang.Double, java.lang.String, java.lang.String, java.lang.String)[pri:0, instance:com.socialcode.webdriver.tests.campaigns.DeleteCampaign@4d41cee]" name="createCampaignForDeletion" duration-ms="51870" started-at="2016-01-26T10:17:58Z" data-provider="getCampaigns" finished-at="2016-01-26T10:18:50Z">
          <params>
            <param index="0">
              <value>
                <![CDATA[FB Campaign SmkTest - Deletion Test]]>
              </value>
            </param>
            <param index="1">
              <value>
                <![CDATA[341]]>
              </value>
            </param>
            <param index="2">
              <value>
                <![CDATA[Facebook]]>
              </value>
            </param>
            <param index="3">
              <value>
                <![CDATA[sc13@socialcode.com]]>
              </value>
            </param>
            <param index="4">
              <value>
                <![CDATA[SC Item Edit Test]]>
              </value>
            </param>
            <param index="5">
              <value>
                <![CDATA[115.01]]>
              </value>
            </param>
            <param index="6">
              <value>
                <![CDATA[109.53]]>
              </value>
            </param>
            <param index="7">
              <value>
                <![CDATA[App Installs]]>
              </value>
            </param>
            <param index="8">
              <value>
                <![CDATA[1.01]]>
              </value>
            </param>
            <param index="9">
              <value>
                <![CDATA[Per click]]>
              </value>
            </param>
            <param index="10">
              <value>
                <![CDATA[current_date]]>
              </value>
            </param>
            <param index="11">
              <value>
                <![CDATA[current_date]]>
              </value>
            </param>
          </params>
          <reporter-output>
          </reporter-output>
        </test-method> <!-- createCampaignForDeletion -->
        <test-method status="PASS" signature="tearDown()[pri:0, instance:com.socialcode.webdriver.tests.campaigns.DeleteCampaign@4d41cee]" name="tearDown" is-config="true" duration-ms="52" started-at="2016-01-26T10:18:50Z" finished-at="2016-01-26T10:18:50Z">
          <reporter-output>
          </reporter-output>
        </test-method> <!-- tearDown -->
        <test-method status="PASS" signature="setUp()[pri:0, instance:com.socialcode.webdriver.tests.campaigns.DeleteCampaign@4d41cee]" name="setUp" is-config="true" duration-ms="469" started-at="2016-01-26T10:19:27Z" finished-at="2016-01-26T10:19:27Z">
          <reporter-output>
          </reporter-output>
        </test-method> <!-- setUp -->
        <test-method status="PASS" signature="TC1_17_Delete_SC_Campaign_Facebook(java.lang.String)[pri:0, instance:com.socialcode.webdriver.tests.campaigns.DeleteCampaign@4d41cee]" name="TC1_17_Delete_SC_Campaign_Facebook" duration-ms="45758" started-at="2016-01-26T10:19:27Z" data-provider="getDCampaign" depends-on-methods="com.socialcode.webdriver.tests.campaigns.DeleteCampaign.createCampaignForDeletion" finished-at="2016-01-26T10:20:13Z">
          <params>
            <param index="0">
              <value>
                <![CDATA[FB Campaign SmkTest - Deletion Test]]>
              </value>
            </param>
          </params>
          <reporter-output>
          </reporter-output>
        </test-method> <!-- TC1_17_Delete_SC_Campaign_Facebook -->
        <test-method status="PASS" signature="tearDown()[pri:0, instance:com.socialcode.webdriver.tests.campaigns.DeleteCampaign@4d41cee]" name="tearDown" is-config="true" duration-ms="55" started-at="2016-01-26T10:20:13Z" finished-at="2016-01-26T10:20:13Z">
          <reporter-output>
          </reporter-output>
        </test-method> <!-- tearDown -->
      </class> <!-- com.socialcode.webdriver.tests.campaigns.DeleteCampaign -->
      <class name="com.socialcode.webdriver.tests.initiatives.DeleteInitiative">
        <test-method status="PASS" signature="setUp()[pri:0, instance:com.socialcode.webdriver.tests.initiatives.DeleteInitiative@6acdbdf5]" name="setUp" is-config="true" duration-ms="464" started-at="2016-01-26T10:14:14Z" finished-at="2016-01-26T10:14:14Z">
          <reporter-output>
          </reporter-output>
        </test-method> <!-- setUp -->
        <test-method status="PASS" signature="createInitiativeForDeletion(java.lang.String, java.lang.String, java.lang.String, java.lang.String, java.lang.Integer, java.lang.String, java.lang.String)[pri:0, instance:com.socialcode.webdriver.tests.initiatives.DeleteInitiative@6acdbdf5]" name="createInitiativeForDeletion" duration-ms="41001" started-at="2016-01-26T10:14:14Z" data-provider="getInitiatives" finished-at="2016-01-26T10:14:55Z">
          <params>
            <param index="0">
              <value>
                <![CDATA[Initiative For Deletion Test]]>
              </value>
            </param>
            <param index="1">
              <value>
                <![CDATA[SocialCode]]>
              </value>
            </param>
            <param index="2">
              <value>
                <![CDATA[SocialCode]]>
              </value>
            </param>
            <param index="3">
              <value>
                <![CDATA[current_date]]>
              </value>
            </param>
            <param index="4">
              <value>
                <![CDATA[7]]>
              </value>
            </param>
            <param index="5">
              <value>
                <![CDATA[day]]>
              </value>
            </param>
            <param index="6">
              <value>
                <![CDATA[Facebook,sc13@socialcode.com,Things My Dog Says]]>
              </value>
            </param>
          </params>
          <reporter-output>
          </reporter-output>
        </test-method> <!-- createInitiativeForDeletion -->
        <test-method status="PASS" signature="tearDown()[pri:0, instance:com.socialcode.webdriver.tests.initiatives.DeleteInitiative@6acdbdf5]" name="tearDown" is-config="true" duration-ms="54" started-at="2016-01-26T10:14:55Z" finished-at="2016-01-26T10:14:55Z">
          <reporter-output>
          </reporter-output>
        </test-method> <!-- tearDown -->
        <test-method status="PASS" signature="setUp()[pri:0, instance:com.socialcode.webdriver.tests.initiatives.DeleteInitiative@6acdbdf5]" name="setUp" is-config="true" duration-ms="464" started-at="2016-01-26T10:18:50Z" finished-at="2016-01-26T10:18:51Z">
          <reporter-output>
          </reporter-output>
        </test-method> <!-- setUp -->
        <test-method status="PASS" signature="TC1_3_Delete_an_Initiative(java.lang.String)[pri:0, instance:com.socialcode.webdriver.tests.initiatives.DeleteInitiative@6acdbdf5]" name="TC1_3_Delete_an_Initiative" duration-ms="36307" started-at="2016-01-26T10:18:51Z" data-provider="getDInit" depends-on-methods="com.socialcode.webdriver.tests.initiatives.DeleteInitiative.createInitiativeForDeletion" finished-at="2016-01-26T10:19:27Z">
          <params>
            <param index="0">
              <value>
                <![CDATA[Initiative For Deletion Test]]>
              </value>
            </param>
          </params>
          <reporter-output>
          </reporter-output>
        </test-method> <!-- TC1_3_Delete_an_Initiative -->
        <test-method status="PASS" signature="tearDown()[pri:0, instance:com.socialcode.webdriver.tests.initiatives.DeleteInitiative@6acdbdf5]" name="tearDown" is-config="true" duration-ms="53" started-at="2016-01-26T10:19:27Z" finished-at="2016-01-26T10:19:27Z">
          <reporter-output>
          </reporter-output>
        </test-method> <!-- tearDown -->
      </class> <!-- com.socialcode.webdriver.tests.initiatives.DeleteInitiative -->
      <class name="com.socialcode.webdriver.tests.campaigns.CreateCampaign">
        <test-method status="PASS" signature="setUp()[pri:0, instance:com.socialcode.webdriver.tests.campaigns.CreateCampaign@1f7030a6]" name="setUp" is-config="true" duration-ms="469" started-at="2016-01-26T10:14:55Z" finished-at="2016-01-26T10:14:56Z">
          <reporter-output>
          </reporter-output>
        </test-method> <!-- setUp -->
        <test-method status="PASS" signature="TC1_12_Create_SC_Campaign_Facebook(java.lang.String, java.lang.Integer, java.lang.String, java.lang.String, java.lang.String, java.lang.Double, java.lang.Double, java.lang.String, java.lang.Double, java.lang.String, java.lang.String, java.lang.String)[pri:0, instance:com.socialcode.webdriver.tests.campaigns.CreateCampaign@1f7030a6]" name="TC1_12_Create_SC_Campaign_Facebook" duration-ms="65610" started-at="2016-01-26T10:14:56Z" data-provider="getCampaigns" finished-at="2016-01-26T10:16:01Z">
          <params>
            <param index="0">
              <value>
                <![CDATA[FB Campaign SmkTest App Installs Per Click]]>
              </value>
            </param>
            <param index="1">
              <value>
                <![CDATA[341]]>
              </value>
            </param>
            <param index="2">
              <value>
                <![CDATA[Facebook]]>
              </value>
            </param>
            <param index="3">
              <value>
                <![CDATA[sc13@socialcode.com]]>
              </value>
            </param>
            <param index="4">
              <value>
                <![CDATA[SC Item Edit Test]]>
              </value>
            </param>
            <param index="5">
              <value>
                <![CDATA[115.01]]>
              </value>
            </param>
            <param index="6">
              <value>
                <![CDATA[109.53]]>
              </value>
            </param>
            <param index="7">
              <value>
                <![CDATA[App Installs]]>
              </value>
            </param>
            <param index="8">
              <value>
                <![CDATA[1.01]]>
              </value>
            </param>
            <param index="9">
              <value>
                <![CDATA[Per click]]>
              </value>
            </param>
            <param index="10">
              <value>
                <![CDATA[current_date]]>
              </value>
            </param>
            <param index="11">
              <value>
                <![CDATA[current_date]]>
              </value>
            </param>
          </params>
          <reporter-output>
          </reporter-output>
        </test-method> <!-- TC1_12_Create_SC_Campaign_Facebook -->
        <test-method status="PASS" signature="tearDown()[pri:0, instance:com.socialcode.webdriver.tests.campaigns.CreateCampaign@1f7030a6]" name="tearDown" is-config="true" duration-ms="54" started-at="2016-01-26T10:16:01Z" finished-at="2016-01-26T10:16:01Z">
          <reporter-output>
          </reporter-output>
        </test-method> <!-- tearDown -->
        <test-method status="PASS" signature="setUp()[pri:0, instance:com.socialcode.webdriver.tests.campaigns.CreateCampaign@1f7030a6]" name="setUp" is-config="true" duration-ms="467" started-at="2016-01-26T10:16:01Z" finished-at="2016-01-26T10:16:02Z">
          <reporter-output>
          </reporter-output>
        </test-method> <!-- setUp -->
        <test-method status="PASS" signature="TC1_12_Create_SC_Campaign_Facebook(java.lang.String, java.lang.Integer, java.lang.String, java.lang.String, java.lang.String, java.lang.Double, java.lang.Double, java.lang.String, java.lang.Double, java.lang.String, java.lang.String, java.lang.String)[pri:0, instance:com.socialcode.webdriver.tests.campaigns.CreateCampaign@1f7030a6]" name="TC1_12_Create_SC_Campaign_Facebook" duration-ms="55344" started-at="2016-01-26T10:16:02Z" data-provider="getCampaigns" finished-at="2016-01-26T10:16:57Z">
          <params>
            <param index="0">
              <value>
                <![CDATA[FB Campaign SmkTest App Installs Per Impression]]>
              </value>
            </param>
            <param index="1">
              <value>
                <![CDATA[341]]>
              </value>
            </param>
            <param index="2">
              <value>
                <![CDATA[Facebook]]>
              </value>
            </param>
            <param index="3">
              <value>
                <![CDATA[sc13@socialcode.com]]>
              </value>
            </param>
            <param index="4">
              <value>
                <![CDATA[SC Item Edit Test]]>
              </value>
            </param>
            <param index="5">
              <value>
                <![CDATA[300.01]]>
              </value>
            </param>
            <param index="6">
              <value>
                <![CDATA[285.72]]>
              </value>
            </param>
            <param index="7">
              <value>
                <![CDATA[App Installs]]>
              </value>
            </param>
            <param index="8">
              <value>
                <![CDATA[1.01]]>
              </value>
            </param>
            <param index="9">
              <value>
                <![CDATA[Per impression]]>
              </value>
            </param>
            <param index="10">
              <value>
                <![CDATA[current_date]]>
              </value>
            </param>
            <param index="11">
              <value>
                <![CDATA[current_date]]>
              </value>
            </param>
          </params>
          <reporter-output>
          </reporter-output>
        </test-method> <!-- TC1_12_Create_SC_Campaign_Facebook -->
        <test-method status="PASS" signature="tearDown()[pri:0, instance:com.socialcode.webdriver.tests.campaigns.CreateCampaign@1f7030a6]" name="tearDown" is-config="true" duration-ms="55" started-at="2016-01-26T10:16:57Z" finished-at="2016-01-26T10:16:57Z">
          <reporter-output>
          </reporter-output>
        </test-method> <!-- tearDown -->
        <test-method status="PASS" signature="setUp()[pri:0, instance:com.socialcode.webdriver.tests.campaigns.CreateCampaign@1f7030a6]" name="setUp" is-config="true" duration-ms="468" started-at="2016-01-26T10:16:57Z" finished-at="2016-01-26T10:16:58Z">
          <reporter-output>
          </reporter-output>
        </test-method> <!-- setUp -->
        <test-method status="PASS" signature="TC1_12_Create_SC_Campaign_Facebook(java.lang.String, java.lang.Integer, java.lang.String, java.lang.String, java.lang.String, java.lang.Double, java.lang.Double, java.lang.String, java.lang.Double, java.lang.String, java.lang.String, java.lang.String)[pri:0, instance:com.socialcode.webdriver.tests.campaigns.CreateCampaign@1f7030a6]" name="TC1_12_Create_SC_Campaign_Facebook" duration-ms="60101" started-at="2016-01-26T10:16:58Z" data-provider="getCampaigns" finished-at="2016-01-26T10:17:58Z">
          <params>
            <param index="0">
              <value>
                <![CDATA[FB Campaign SmkTest App Installs Per Install]]>
              </value>
            </param>
            <param index="1">
              <value>
                <![CDATA[341]]>
              </value>
            </param>
            <param index="2">
              <value>
                <![CDATA[Facebook]]>
              </value>
            </param>
            <param index="3">
              <value>
                <![CDATA[sc13@socialcode.com]]>
              </value>
            </param>
            <param index="4">
              <value>
                <![CDATA[SC Item Edit Test]]>
              </value>
            </param>
            <param index="5">
              <value>
                <![CDATA[250.01]]>
              </value>
            </param>
            <param index="6">
              <value>
                <![CDATA[238.1]]>
              </value>
            </param>
            <param index="7">
              <value>
                <![CDATA[App Installs]]>
              </value>
            </param>
            <param index="8">
              <value>
                <![CDATA[1.01]]>
              </value>
            </param>
            <param index="9">
              <value>
                <![CDATA[Per install]]>
              </value>
            </param>
            <param index="10">
              <value>
                <![CDATA[current_date]]>
              </value>
            </param>
            <param index="11">
              <value>
                <![CDATA[current_date]]>
              </value>
            </param>
          </params>
          <reporter-output>
          </reporter-output>
        </test-method> <!-- TC1_12_Create_SC_Campaign_Facebook -->
        <test-method status="PASS" signature="tearDown()[pri:0, instance:com.socialcode.webdriver.tests.campaigns.CreateCampaign@1f7030a6]" name="tearDown" is-config="true" duration-ms="56" started-at="2016-01-26T10:17:58Z" finished-at="2016-01-26T10:17:58Z">
          <reporter-output>
          </reporter-output>
        </test-method> <!-- tearDown -->
      </class> <!-- com.socialcode.webdriver.tests.campaigns.CreateCampaign -->
    </test> <!-- SmokeTests -->
  </suite> <!-- SmokeTests -->
</testng-results>
