<?xml version="1.0" encoding="UTF-8"?>
<!-- Generated by org.testng.reporters.JUnitXMLReporter -->
<testsuite hostname="anthonyc-SocialCode.local" name="SmokeTests" tests="12" failures="0" timestamp="26 Jan 2016 18:20:13 GMT" time="586.59" errors="0">
  <testcase name="TC1_2_Create_an_Initiative" time="47.029" classname="com.socialcode.webdriver.tests.initiatives.CreateInitiative"/>
  <testcase name="TC1_2_Create_an_Initiative" time="45.039" classname="com.socialcode.webdriver.tests.initiatives.CreateInitiative"/>
  <testcase name="TC1_2_Create_an_Initiative" time="46.228" classname="com.socialcode.webdriver.tests.initiatives.CreateInitiative"/>
  <testcase name="TC1_2_Create_an_Initiative" time="42.582" classname="com.socialcode.webdriver.tests.initiatives.CreateInitiative"/>
  <testcase name="TC1_2_Create_an_Initiative" time="42.514" classname="com.socialcode.webdriver.tests.initiatives.CreateInitiative"/>
  <testcase name="createInitiativeForDeletion" time="41.001" classname="com.socialcode.webdriver.tests.initiatives.DeleteInitiative"/>
  <testcase name="TC1_12_Create_SC_Campaign_Facebook" time="65.61" classname="com.socialcode.webdriver.tests.campaigns.CreateCampaign"/>
  <testcase name="TC1_12_Create_SC_Campaign_Facebook" time="55.344" classname="com.socialcode.webdriver.tests.campaigns.CreateCampaign"/>
  <testcase name="TC1_12_Create_SC_Campaign_Facebook" time="60.101" classname="com.socialcode.webdriver.tests.campaigns.CreateCampaign"/>
  <testcase name="createCampaignForDeletion" time="51.87" classname="com.socialcode.webdriver.tests.campaigns.DeleteCampaign"/>
  <testcase name="TC1_3_Delete_an_Initiative" time="36.307" classname="com.socialcode.webdriver.tests.initiatives.DeleteInitiative"/>
  <testcase name="TC1_17_Delete_SC_Campaign_Facebook" time="45.758" classname="com.socialcode.webdriver.tests.campaigns.DeleteCampaign"/>
</testsuite> <!-- SmokeTests -->
